# JRE version: Java(TM) SE Runtime Environment 18.9 (11.0.16.1+1) (build 11.0.16.1+1-LTS-1)
# Java VM: Java HotSpot(TM) 64-Bit Server VM 18.9 (11.0.16.1+1-LTS-1, mixed mode, tiered, compressed oops, g1 gc, windows-amd64)
Heap:
 garbage-first heap   total 73728K, used 31463K [0x00000000c4c00000, 0x0000000100000000)
  region size 1024K, 21 young (21504K), 3 survivors (3072K)
 Metaspace       used 26999K, capacity 27557K, committed 27776K, reserved 1075200K
  class space    used 2734K, capacity 2935K, committed 2944K, reserved 1048576K
GC Heap History (10 events):
Event: 5.439 GC heap before
{Heap before GC invocations=4 (full 0):
 garbage-first heap   total 61440K, used 38082K [0x00000000c4c00000, 0x0000000100000000)
  region size 1024K, 34 young (34816K), 4 survivors (4096K)
 Metaspace       used 20543K, capacity 20870K, committed 20992K, reserved 1069056K
  class space    used 2162K, capacity 2256K, committed 2304K, reserved 1048576K
}
Event: 5.447 GC heap after
{Heap after GC invocations=5 (full 0):
 garbage-first heap   total 61440K, used 9286K [0x00000000c4c00000, 0x0000000100000000)
  region size 1024K, 5 young (5120K), 5 survivors (5120K)
 Metaspace       used 20543K, capacity 20870K, committed 20992K, reserved 1069056K
  class space    used 2162K, capacity 2256K, committed 2304K, reserved 1048576K
}
Event: 5.662 GC heap before
{Heap before GC invocations=5 (full 0):
 garbage-first heap   total 61440K, used 24646K [0x00000000c4c00000, 0x0000000100000000)
  region size 1024K, 21 young (21504K), 5 survivors (5120K)
 Metaspace       used 20729K, capacity 21034K, committed 21248K, reserved 1069056K
  class space    used 2168K, capacity 2289K, committed 2304K, reserved 1048576K
}
Event: 5.671 GC heap after
{Heap after GC invocations=6 (full 0):
 garbage-first heap   total 61440K, used 10086K [0x00000000c4c00000, 0x0000000100000000)
  region size 1024K, 3 young (3072K), 3 survivors (3072K)
 Metaspace       used 20729K, capacity 21034K, committed 21248K, reserved 1069056K
  class space    used 2168K, capacity 2289K, committed 2304K, reserved 1048576K
}
Event: 6.770 GC heap before
{Heap before GC invocations=7 (full 0):
 garbage-first heap   total 61440K, used 40806K [0x00000000c4c00000, 0x0000000100000000)
  region size 1024K, 33 young (33792K), 3 survivors (3072K)
 Metaspace       used 22551K, capacity 22913K, committed 23040K, reserved 1069056K
  class space    used 2331K, capacity 2471K, committed 2560K, reserved 1048576K
}
Event: 6.779 GC heap after
{Heap after GC invocations=8 (full 0):
 garbage-first heap   total 61440K, used 11384K [0x00000000c4c00000, 0x0000000100000000)
  region size 1024K, 4 young (4096K), 4 survivors (4096K)
 Metaspace       used 22551K, capacity 22913K, committed 23040K, reserved 1069056K
  class space    used 2331K, capacity 2471K, committed 2560K, reserved 1048576K
}
Event: 8.587 GC heap before
{Heap before GC invocations=8 (full 0):
 garbage-first heap   total 61440K, used 43128K [0x00000000c4c00000, 0x0000000100000000)
  region size 1024K, 35 young (35840K), 4 survivors (4096K)
 Metaspace       used 24202K, capacity 24660K, committed 24960K, reserved 1071104K
  class space    used 2473K, capacity 2627K, committed 2688K, reserved 1048576K
}
Event: 8.598 GC heap after
{Heap after GC invocations=9 (full 0):
 garbage-first heap   total 61440K, used 13521K [0x00000000c4c00000, 0x0000000100000000)
  region size 1024K, 5 young (5120K), 5 survivors (5120K)
 Metaspace       used 24202K, capacity 24660K, committed 24960K, reserved 1071104K
  class space    used 2473K, capacity 2627K, committed 2688K, reserved 1048576K
}
Event: 8.833 GC heap before
{Heap before GC invocations=9 (full 0):
 garbage-first heap   total 61440K, used 44241K [0x00000000c4c00000, 0x0000000100000000)
  region size 1024K, 35 young (35840K), 5 survivors (5120K)
 Metaspace       used 24449K, capacity 24916K, committed 25088K, reserved 1071104K
  class space    used 2488K, capacity 2691K, committed 2816K, reserved 1048576K
}
Event: 8.841 GC heap after
{Heap after GC invocations=10 (full 0):
 garbage-first heap   total 73728K, used 14055K [0x00000000c4c00000, 0x0000000100000000)
  region size 1024K, 3 young (3072K), 3 survivors (3072K)
 Metaspace       used 24449K, capacity 24916K, committed 25088K, reserved 1071104K
  class space    used 2488K, capacity 2691K, committed 2816K, reserved 1048576K
}

