# JRE version: Java(TM) SE Runtime Environment 18.9 (11.0.16.1+1) (build 11.0.16.1+1-LTS-1)
# Java VM: Java HotSpot(TM) 64-Bit Server VM 18.9 (11.0.16.1+1-LTS-1, mixed mode, tiered, compressed oops, g1 gc, windows-amd64)
Heap:
 garbage-first heap   total 73728K, used 33915K [0x00000000c4c00000, 0x0000000100000000)
  region size 1024K, 24 young (24576K), 3 survivors (3072K)
 Metaspace       used 27072K, capacity 27620K, committed 27776K, reserved 1075200K
  class space    used 2734K, capacity 2935K, committed 2944K, reserved 1048576K
GC Heap History (10 events):
Event: 5.670 GC heap before
{Heap before GC invocations=4 (full 0):
 garbage-first heap   total 61440K, used 37618K [0x00000000c4c00000, 0x0000000100000000)
  region size 1024K, 34 young (34816K), 4 survivors (4096K)
 Metaspace       used 20517K, capacity 20870K, committed 20992K, reserved 1069056K
  class space    used 2162K, capacity 2256K, committed 2304K, reserved 1048576K
}
Event: 5.680 GC heap after
{Heap after GC invocations=5 (full 0):
 garbage-first heap   total 61440K, used 8530K [0x00000000c4c00000, 0x0000000100000000)
  region size 1024K, 4 young (4096K), 4 survivors (4096K)
 Metaspace       used 20517K, capacity 20870K, committed 20992K, reserved 1069056K
  class space    used 2162K, capacity 2256K, committed 2304K, reserved 1048576K
}
Event: 6.262 GC heap before
{Heap before GC invocations=5 (full 0):
 garbage-first heap   total 61440K, used 25938K [0x00000000c4c00000, 0x0000000100000000)
  region size 1024K, 22 young (22528K), 4 survivors (4096K)
 Metaspace       used 20758K, capacity 21098K, committed 21248K, reserved 1069056K
  class space    used 2168K, capacity 2289K, committed 2304K, reserved 1048576K
}
Event: 6.272 GC heap after
{Heap after GC invocations=6 (full 0):
 garbage-first heap   total 61440K, used 9750K [0x00000000c4c00000, 0x0000000100000000)
  region size 1024K, 3 young (3072K), 3 survivors (3072K)
 Metaspace       used 20758K, capacity 21098K, committed 21248K, reserved 1069056K
  class space    used 2168K, capacity 2289K, committed 2304K, reserved 1048576K
}
Event: 8.923 GC heap before
{Heap before GC invocations=7 (full 0):
 garbage-first heap   total 61440K, used 37398K [0x00000000c4c00000, 0x0000000100000000)
  region size 1024K, 30 young (30720K), 3 survivors (3072K)
 Metaspace       used 21950K, capacity 22290K, committed 22528K, reserved 1069056K
  class space    used 2278K, capacity 2434K, committed 2560K, reserved 1048576K
}
Event: 8.940 GC heap after
{Heap after GC invocations=8 (full 0):
 garbage-first heap   total 61440K, used 11203K [0x00000000c4c00000, 0x0000000100000000)
  region size 1024K, 3 young (3072K), 3 survivors (3072K)
 Metaspace       used 21950K, capacity 22290K, committed 22528K, reserved 1069056K
  class space    used 2278K, capacity 2434K, committed 2560K, reserved 1048576K
}
Event: 11.273 GC heap before
{Heap before GC invocations=8 (full 0):
 garbage-first heap   total 61440K, used 39875K [0x00000000c4c00000, 0x0000000100000000)
  region size 1024K, 31 young (31744K), 3 survivors (3072K)
 Metaspace       used 23294K, capacity 23804K, committed 23936K, reserved 1071104K
  class space    used 2380K, capacity 2572K, committed 2688K, reserved 1048576K
}
Event: 11.283 GC heap after
{Heap after GC invocations=9 (full 0):
 garbage-first heap   total 73728K, used 12782K [0x00000000c4c00000, 0x0000000100000000)
  region size 1024K, 3 young (3072K), 3 survivors (3072K)
 Metaspace       used 23294K, capacity 23804K, committed 23936K, reserved 1071104K
  class space    used 2380K, capacity 2572K, committed 2688K, reserved 1048576K
}
Event: 13.044 GC heap before
{Heap before GC invocations=9 (full 0):
 garbage-first heap   total 73728K, used 45550K [0x00000000c4c00000, 0x0000000100000000)
  region size 1024K, 35 young (35840K), 3 survivors (3072K)
 Metaspace       used 24529K, capacity 24980K, committed 25344K, reserved 1071104K
  class space    used 2489K, capacity 2691K, committed 2816K, reserved 1048576K
}
Event: 13.052 GC heap after
{Heap after GC invocations=10 (full 0):
 garbage-first heap   total 73728K, used 13435K [0x00000000c4c00000, 0x0000000100000000)
  region size 1024K, 3 young (3072K), 3 survivors (3072K)
 Metaspace       used 24529K, capacity 24980K, committed 25344K, reserved 1071104K
  class space    used 2489K, capacity 2691K, committed 2816K, reserved 1048576K
}

