<?xml version="1.0" encoding="UTF-8"?>
<testsuite xmlns:xsi="http://www.w3.org/2001/XMLSchema-instance" xsi:noNamespaceSchemaLocation="https://maven.apache.org/surefire/maven-surefire-plugin/xsd/surefire-test-report-3.0.xsd" version="3.0" name="casestudyseleniumframework.selenuimwebdrivertestng" time="240.118" tests="1" errors="0" skipped="0" failures="1">
  <properties>
[...]
</properties>
  <testcase name="test" classname="casestudyseleniumframework.selenuimwebdrivertestng" time="120.214">
    <failure message="Index 1 out of bounds for length 1" type="java.lang.IndexOutOfBoundsException"><![CDATA[java.lang.IndexOutOfBoundsException: Index 1 out of bounds for length 1
	at java.base/jdk.internal.util.Preconditions.outOfBounds(Preconditions.java:64)
	at java.base/jdk.internal.util.Preconditions.outOfBoundsCheckIndex(Preconditions.java:70)
	at java.base/jdk.internal.util.Preconditions.checkIndex(Preconditions.java:248)
	at java.base/java.util.Objects.checkIndex(Objects.java:372)
	at java.base/java.util.ArrayList.get(ArrayList.java:459)
	at casestudyseleniumframework.selenuimwebdrivertestng.test(selenuimwebdrivertestng.java:78)
	at java.base/jdk.internal.reflect.NativeMethodAccessorImpl.invoke0(Native Method)
	at java.base/jdk.internal.reflect.NativeMethodAccessorImpl.invoke(NativeMethodAccessorImpl.java:62)
	at java.base/jdk.internal.reflect.DelegatingMethodAccessorImpl.invoke(DelegatingMethodAccessorImpl.java:43)
	at java.base/java.lang.reflect.Method.invoke(Method.java:566)
	at org.testng.internal.MethodInvocationHelper.invokeMethod(MethodInvocationHelper.java:86)
	at org.testng.internal.Invoker.invokeMethod(Invoker.java:643)
	at org.testng.internal.Invoker.invokeTestMethod(Invoker.java:820)
	at org.testng.internal.Invoker.invokeTestMethods(Invoker.java:1128)
	at org.testng.internal.TestMethodWorker.invokeTestMethods(TestMethodWorker.java:129)
	at org.testng.internal.TestMethodWorker.run(TestMethodWorker.java:112)
	at org.testng.TestRunner.privateRun(TestRunner.java:782)
	at org.testng.TestRunner.run(TestRunner.java:632)
	at org.testng.SuiteRunner.runTest(SuiteRunner.java:366)
	at org.testng.SuiteRunner.runSequentially(SuiteRunner.java:361)
	at org.testng.SuiteRunner.privateRun(SuiteRunner.java:319)
	at org.testng.SuiteRunner.run(SuiteRunner.java:268)
	at org.testng.SuiteRunnerWorker.runSuite(SuiteRunnerWorker.java:52)
	at org.testng.SuiteRunnerWorker.run(SuiteRunnerWorker.java:86)
	at org.testng.TestNG.runSuitesSequentially(TestNG.java:1244)
	at org.testng.TestNG.runSuitesLocally(TestNG.java:1169)
	at org.testng.TestNG.run(TestNG.java:1064)
	at org.apache.maven.surefire.testng.TestNGExecutor.run(TestNGExecutor.java:151)
	at org.apache.maven.surefire.testng.TestNGDirectoryTestSuite.executeSingleClass(TestNGDirectoryTestSuite.java:111)
	at org.apache.maven.surefire.testng.TestNGDirectoryTestSuite.execute(TestNGDirectoryTestSuite.java:98)
	at org.apache.maven.surefire.testng.TestNGProvider.invoke(TestNGProvider.java:155)
	at org.apache.maven.surefire.booter.ForkedBooter.runSuitesInProcess(ForkedBooter.java:456)
	at org.apache.maven.surefire.booter.ForkedBooter.execute(ForkedBooter.java:169)
	at org.apache.maven.surefire.booter.ForkedBooter.run(ForkedBooter.java:595)
	at org.apache.maven.surefire.booter.ForkedBooter.main(ForkedBooter.java:581)
]]></failure>
    <system-out><![CDATA[Holiday Packages
1
]]></system-out>
    <system-err><![CDATA[SLF4J: Failed to load class "org.slf4j.impl.StaticLoggerBinder".
SLF4J: Defaulting to no-operation (NOP) logger implementation
SLF4J: See http://www.slf4j.org/codes.html#StaticLoggerBinder for further details.
1668026672743	geckodriver	INFO	Listening on 127.0.0.1:15504
1668026674544	mozrunner::runner	INFO	Running command: "C:\\Program Files\\Mozilla Firefox\\firefox.exe" "--marionette" "--remote-debugging-port" "44228" "--remote-allow-hosts" "localhost" "--remote-allow-origins" "http://127.0.0.1:44228/,http://localhost:44228/,http://[::1]:44228/" "-no-remote" "-profile" "C:\\Users\\Aloke\\AppData\\Local\\Temp\\rust_mozprofileutVFtp"
1668026676615	Marionette	INFO	Marionette enabled
1668026676629	Marionette	INFO	Listening on port 61605
Read port: 61605
WebDriver BiDi listening on ws://127.0.0.1:44228
1668026677294	RemoteAgent	WARN	TLS certificate errors will be ignored for this session
console.warn: SearchSettings: "get: No settings file exists, new profile?" (new NotFoundError("Could not open the file at C:\\Users\\Aloke\\AppData\\Local\\Temp\\rust_mozprofileutVFtp\\search.json.mozlz4", (void 0)))
DevTools listening on ws://127.0.0.1:44228/devtools/browser/7633946d-1a27-4ee6-95ba-8aa024ad033b
JavaScript warning: https://www.makemytrip.com/zuE_c/vfg/SJG9/YlQp/7zGD/iXOEzXhp/Z1VmRmZ6JA/TWF/VDDwvaEkB, line 1: unreachable code after return statement
JavaScript warning: https://www.makemytrip.com/zuE_c/vfg/SJG9/YlQp/7zGD/iXOEzXhp/Z1VmRmZ6JA/TWF/VDDwvaEkB, line 1: WEBGL_debug_renderer_info is deprecated in Firefox and will be removed. Please use RENDERER.
1668026779180	Marionette	WARN	Ignoring event 'pageshow' because document has an invalid readyState of 'interactive'.
JavaScript warning: https://www.makemytrip.com/zuE_c/vfg/SJG9/YlQp/7zGD/iXOEzXhp/Z1VmRmZ6JA/TWF/VDDwvaEkB, line 1: WEBGL_debug_renderer_info is deprecated in Firefox and will be removed. Please use RENDERER.
JavaScript warning: https://holidayz.makemytrip.com/20xqeR5q/BFr/pa4/PO_-DlhCvR/1GaVQ2rfOS/SXktOwsLYAQ/XXcl/agVJIlcB, line 1: unreachable code after return statement
1668026839950	Marionette	WARN	Ignoring event 'pageshow' because document has an invalid readyState of 'interactive'.
JavaScript warning: https://holidayz.makemytrip.com/20xqeR5q/BFr/pa4/PO_-DlhCvR/1GaVQ2rfOS/SXktOwsLYAQ/XXcl/agVJIlcB, line 1: WEBGL_debug_renderer_info is deprecated in Firefox and will be removed. Please use RENDERER.
JavaScript warning: https://holidayz.makemytrip.com/20xqeR5q/BFr/pa4/PO_-DlhCvR/1GaVQ2rfOS/SXktOwsLYAQ/XXcl/agVJIlcB, line 1: WEBGL_debug_renderer_info is deprecated in Firefox and will be removed. Please use RENDERER.
JavaScript warning: https://holidayz.makemytrip.com/20xqeR5q/BFr/pa4/PO_-DlhCvR/1GaVQ2rfOS/SXktOwsLYAQ/XXcl/agVJIlcB, line 1: unreachable code after return statement
1668026869883	Marionette	WARN	Ignoring event 'pageshow' because document has an invalid readyState of 'interactive'.
JavaScript warning: https://holidayz.makemytrip.com/20xqeR5q/BFr/pa4/PO_-DlhCvR/1GaVQ2rfOS/SXktOwsLYAQ/XXcl/agVJIlcB, line 1: WEBGL_debug_renderer_info is deprecated in Firefox and will be removed. Please use RENDERER.
JavaScript warning: https://holidayz.makemytrip.com/20xqeR5q/BFr/pa4/PO_-DlhCvR/1GaVQ2rfOS/SXktOwsLYAQ/XXcl/agVJIlcB, line 1: WEBGL_debug_renderer_info is deprecated in Firefox and will be removed. Please use RENDERER.
1668026901533	Marionette	WARN	TimedPromise timed out after 500 ms: stacktrace:
TimedPromise/<@chrome://remote/content/marionette/sync.sys.mjs:220:24
TimedPromise@chrome://remote/content/marionette/sync.sys.mjs:205:10
interaction.flushEventLoop@chrome://remote/content/marionette/interaction.sys.mjs:425:10
webdriverClickElement@chrome://remote/content/marionette/interaction.sys.mjs:173:31
]]></system-err>
  </testcase>
</testsuite>