<?xml version="1.0" encoding="UTF-8"?>
<testng-results total="1" passed="1" failed="0" skipped="0">
  <reporter-output>
  </reporter-output>
  <suite started-at="2022-11-09T19:56:29Z" name="Default suite" finished-at="2022-11-09T19:59:47Z" duration-ms="197357">
    <groups>
    </groups>
    <test started-at="2022-11-09T19:56:29Z" name="Default test" finished-at="2022-11-09T19:59:47Z" duration-ms="197357">
      <class name="casestudyseleniumframework.selenuimwebdrivertestng">
        <test-method is-config="true" signature="beforetest()[pri:0, instance:casestudyseleniumframework.selenuimwebdrivertestng@36060e]" started-at="2022-11-10T01:26:29Z" name="beforetest" finished-at="2022-11-10T01:26:46Z" duration-ms="17283" status="PASS">
          <reporter-output>
          </reporter-output>
        </test-method> <!-- beforetest -->
        <test-method signature="test()[pri:0, instance:casestudyseleniumframework.selenuimwebdrivertestng@36060e]" started-at="2022-11-10T01:26:47Z" name="test" finished-at="2022-11-10T01:29:46Z" duration-ms="179968" status="PASS">
          <reporter-output>
          </reporter-output>
        </test-method> <!-- test -->
      </class> <!-- casestudyseleniumframework.selenuimwebdrivertestng -->
    </test> <!-- Default test -->
  </suite> <!-- Default suite -->
</testng-results>
